[btctrade.ltd/index489c.html]
[btctrade.ltd/images/android-chrome-512x512.png]
[backblue.gif]
[fade.gif]
[index.html]
[btctrade.ltd/assets/templates/bit_gold/css/vendor/bootstrap.min.css]
[btctrade.ltd/index.html]
[btctrade.ltd/assets/templates/bit_gold/css/all.min.css]
[btctrade.ltd/assets/templates/bit_gold/css/line-awesome.min.css]
[btctrade.ltd/assets/templates/bit_gold/css/vendor/animate.min.css]
[btctrade.ltd/assets/templates/bit_gold/css/vendor/slick.css]
[btctrade.ltd/assets/templates/bit_gold/css/vendor/dots.css]
[btctrade.ltd/assets/templates/bit_gold/css/main.css]
[btctrade.ltd/assets/templates/bit_gold/css/custom.css]
[btctrade.ltd/assets/templates/bit_gold/css/color9bce9bce.css]
[widgets.coingecko.com/coingecko-coin-price-marquee-widget.js]
[btctrade.ltd/assets/images/logoIcon/btctrade2.png]
[btctrade.ltd/indexbc14.html]
[translate.google.com/translate_a/element.ca0d8.delayed]
[btctrade.ltd/indexc30b.html]
[btctrade.ltd/index3cc0.html]
[btctrade.ltd/index3898.html]
[btctrade.ltd/index15a0.html]
[btctrade.ltd/images/btnply.png]
[btctrade.ltd/indexcca3.html]
[btctrade.ltd/video.mp4]
[btctrade.ltd/images/certificate.pdf]
[btctrade.ltd/images/certificate.png]
[btctrade.ltd/assets/images/frontend/bit_testimonial/5fcb9083e61591607176323.jpg]
[btctrade.ltd/assets/images/frontend/bit_testimonial/5fce19ccb920e1607342540.jpg]
[btctrade.ltd/assets/images/frontend/bit_testimonial/5fce19eaa5a821607342570.jpg]
[btctrade.ltd/assets/images/frontend/bit_testimonial/5fce1a05b69541607342597.jpg]
[btctrade.ltd/autorandom/deposit.html]
[btctrade.ltd/assets/images/frontend/bit_footer/5fc48375b7b161606714229.jpg]
[btctrade.ltd/assets/templates/bit_gold/js/vendor/jquery-3.5.1.min.js]
[btctrade.ltd/indexa972.html]
[btctrade.ltd/assets/templates/bit_gold/js/vendor/bootstrap.bundle.min.js]
[btctrade.ltd/assets/templates/bit_gold/js/vendor/slick.min.js]
[btctrade.ltd/assets/templates/bit_gold/js/vendor/wow.min.js]
[btctrade.ltd/assets/templates/bit_gold/js/app.js]
[btctrade.ltd/assets/templates/bit_gold/css/iziToast.min.css]
[btctrade.ltd/assets/templates/bit_gold/js/iziToast.min.js]
[btctrade.ltd/index489c.html]
[btctrade.ltd/index.html]
[btctrade.ltd/assets/templates/bit_gold/css/vendor/bootstrap.min.css]
[btctrade.ltd/assets/templates/bit_gold/webfonts/fa-brands-400.eot]
[btctrade.ltd/assets/templates/bit_gold/webfonts/fa-brands-400d41dd41d.eot]
[btctrade.ltd/assets/templates/bit_gold/webfonts/fa-brands-400.woff2]
[btctrade.ltd/assets/templates/bit_gold/webfonts/fa-brands-400.woff]
[btctrade.ltd/assets/templates/bit_gold/webfonts/fa-brands-400.ttf]
[btctrade.ltd/assets/templates/bit_gold/webfonts/fa-regular-400.eot]
[btctrade.ltd/assets/templates/bit_gold/webfonts/fa-regular-400d41dd41d.eot]
[btctrade.ltd/assets/templates/bit_gold/webfonts/fa-regular-400.woff2]
[btctrade.ltd/assets/templates/bit_gold/webfonts/fa-regular-400.woff]
[btctrade.ltd/assets/templates/bit_gold/webfonts/fa-brands-400.svg]
[btctrade.ltd/assets/templates/bit_gold/webfonts/fa-regular-400.ttf]
[btctrade.ltd/assets/templates/bit_gold/webfonts/fa-regular-400.svg]
[btctrade.ltd/assets/templates/bit_gold/webfonts/fa-solid-900.eot]
[btctrade.ltd/assets/templates/bit_gold/webfonts/fa-solid-900d41dd41d.eot]
[btctrade.ltd/assets/templates/bit_gold/webfonts/fa-solid-900.woff2]
[btctrade.ltd/assets/templates/bit_gold/webfonts/fa-solid-900.woff]
[btctrade.ltd/assets/templates/bit_gold/webfonts/fa-solid-900.ttf]
[btctrade.ltd/assets/templates/bit_gold/css/all.min.css]
[btctrade.ltd/assets/templates/bit_gold/fonts/la-brands-400.eot]
[btctrade.ltd/assets/templates/bit_gold/webfonts/fa-solid-900.svg]
[btctrade.ltd/assets/templates/bit_gold/fonts/la-brands-400d41dd41d.eot]
[btctrade.ltd/assets/templates/bit_gold/fonts/la-brands-400.woff2]
[btctrade.ltd/assets/templates/bit_gold/fonts/la-brands-400.woff]
[btctrade.ltd/assets/templates/bit_gold/fonts/la-brands-400.ttf]
[btctrade.ltd/assets/templates/bit_gold/fonts/la-regular-400.eot]
[btctrade.ltd/assets/templates/bit_gold/fonts/la-brands-400.svg]
[btctrade.ltd/assets/templates/bit_gold/fonts/la-regular-400d41dd41d.eot]
[btctrade.ltd/assets/templates/bit_gold/fonts/la-regular-400.woff2]
[btctrade.ltd/assets/templates/bit_gold/fonts/la-regular-400.woff]
[btctrade.ltd/assets/templates/bit_gold/fonts/la-regular-400.ttf]
[btctrade.ltd/assets/templates/bit_gold/fonts/la-regular-400.svg]
[btctrade.ltd/assets/templates/bit_gold/fonts/la-solid-900.eot]
[btctrade.ltd/assets/templates/bit_gold/fonts/la-solid-900d41dd41d.eot]
[btctrade.ltd/assets/templates/bit_gold/fonts/la-solid-900.woff2]
[btctrade.ltd/assets/templates/bit_gold/fonts/la-solid-900.woff]
[btctrade.ltd/assets/templates/bit_gold/fonts/la-solid-900.ttf]
[btctrade.ltd/assets/templates/bit_gold/css/line-awesome.min.css]
[btctrade.ltd/assets/templates/bit_gold/css/vendor/animate.min.css]
[btctrade.ltd/assets/templates/bit_gold/css/vendor/slick.css]
[btctrade.ltd/assets/templates/bit_gold/css/vendor/dots.css]
[btctrade.ltd/assets/templates/bit_gold/css/main.css]
[btctrade.ltd/assets/templates/bit_gold/css/custom.css]
[btctrade.ltd/assets/templates/bit_gold/css/color9bce9bce.css]
[btctrade.ltd/indexbc14.html]
[btctrade.ltd/images/regborder.png]
[btctrade.ltd/assets/templates/bit_gold/fonts/la-solid-900.svg]
[btctrade.ltd/images/ruser.png]
[btctrade.ltd/images/rpass.png]
[btctrade.ltd/indexc30b.html]
[btctrade.ltd/index3cc0.html]
[btctrade.ltd/index3898.html]
[btctrade.ltd/index15a0.html]
[btctrade.ltd/index8083.html]
[btctrade.ltd/images/rmail.png]
[btctrade.ltd/images/sa.png]
[btctrade.ltd/images/sq.png]
[btctrade.ltd/indexcca3.html]
[translate.google.com/translate_a/elementa0d8.html]
[btctrade.ltd/autorandom/proof.css]
[forex-mining.uk/styles/assets/styles/images/ctn-ic5.png]
[btctrade.ltd/images/1000.gif]
[forex-mining.uk/styles/assets/styles/images/ctn-ic6.png]
[btctrade.ltd/autorandom/deposit.html]
[btctrade.ltd/login.html]
[btctrade.ltd/indexa972.html]
[btctrade.ltd/assets/templates/bit_gold/css/iziToast.min.css]
[btctrade.ltd/assets/templates/bit_gold/webfonts/fa-brands-400.svg]
[btctrade.ltd/assets/templates/bit_gold/webfonts/fa-regular-400.svg]
[btctrade.ltd/assets/templates/bit_gold/webfonts/fa-solid-900.svg]
[btctrade.ltd/assets/templates/bit_gold/fonts/la-brands-400.svg]
[btctrade.ltd/assets/templates/bit_gold/fonts/la-regular-400.svg]
[btctrade.ltd/assets/templates/bit_gold/fonts/la-solid-900.svg]
[btctrade.ltd/index8083.html]
[btctrade.ltd/autorandom/proof.css]
[btctrade.ltd/autorandom/images/ctn-bg.html]
[btctrade.ltd/autorandom/images/bg1.html]
[btctrade.ltd/autorandom/images/call-ic1.html]
